# JRE version: Java(TM) SE Runtime Environment (20.0.2+9) (build 20.0.2+9-78)
# Java VM: Java HotSpot(TM) 64-Bit Server VM (20.0.2+9-78, mixed mode, sharing, tiered, compressed oops, compressed class ptrs, g1 gc, bsd-aarch64)
Heap:
 garbage-first heap   total 266240K, used 56258K [0x0000000700000000, 0x0000000800000000)
  region size 2048K, 25 young (51200K), 4 survivors (8192K)
 Metaspace       used 15226K, committed 15488K, reserved 1114112K
  class space    used 2124K, committed 2240K, reserved 1048576K
GC Heap History (6 events):
Event: 3.759 GC heap before
{Heap before GC invocations=0 (full 0):
 garbage-first heap   total 266240K, used 24544K [0x0000000700000000, 0x0000000800000000)
  region size 2048K, 11 young (22528K), 0 survivors (0K)
 Metaspace       used 4517K, committed 4736K, reserved 1114112K
  class space    used 499K, committed 576K, reserved 1048576K
}
Event: 3.760 GC heap after
{Heap after GC invocations=1 (full 0):
 garbage-first heap   total 266240K, used 5417K [0x0000000700000000, 0x0000000800000000)
  region size 2048K, 2 young (4096K), 2 survivors (4096K)
 Metaspace       used 4517K, committed 4736K, reserved 1114112K
  class space    used 499K, committed 576K, reserved 1048576K
}
Event: 5.280 GC heap before
{Heap before GC invocations=1 (full 0):
 garbage-first heap   total 266240K, used 54569K [0x0000000700000000, 0x0000000800000000)
  region size 2048K, 26 young (53248K), 2 survivors (4096K)
 Metaspace       used 13990K, committed 14272K, reserved 1114112K
  class space    used 2026K, committed 2176K, reserved 1048576K
}
Event: 5.283 GC heap after
{Heap after GC invocations=2 (full 0):
 garbage-first heap   total 266240K, used 14441K [0x0000000700000000, 0x0000000800000000)
  region size 2048K, 4 young (8192K), 4 survivors (8192K)
 Metaspace       used 13990K, committed 14272K, reserved 1114112K
  class space    used 2026K, committed 2176K, reserved 1048576K
}
Event: 11.754 GC heap before
{Heap before GC invocations=2 (full 0):
 garbage-first heap   total 266240K, used 159849K [0x0000000700000000, 0x0000000800000000)
  region size 2048K, 76 young (155648K), 4 survivors (8192K)
 Metaspace       used 15118K, committed 15360K, reserved 1114112K
  class space    used 2118K, committed 2240K, reserved 1048576K
}
Event: 11.758 GC heap after
{Heap after GC invocations=3 (full 0):
 garbage-first heap   total 266240K, used 13955K [0x0000000700000000, 0x0000000800000000)
  region size 2048K, 4 young (8192K), 4 survivors (8192K)
 Metaspace       used 15118K, committed 15360K, reserved 1114112K
  class space    used 2118K, committed 2240K, reserved 1048576K
}

